<?xml version="1.0" encoding="UTF-8"?>
<!-- Generated by org.testng.reporters.JUnitXMLReporter -->
<testsuite hostname="WH5000727" name="Command line test" tests="3" failures="0" timestamp="13 Aug 2013 07:23:45 GMT" time="54.827" errors="0">
  <testcase name="BrowserTarget" time="19.08" classname="com.wh.auto.eurogrand.BrowserTargetTestsIE"/>
  <testcase name="BrowserTarget" time="16.235" classname="com.wh.auto.eurogrand.BrowserTargetTestsIE"/>
  <testcase name="BrowserTarget" time="16.015" classname="com.wh.auto.eurogrand.BrowserTargetTestsIE"/>
</testsuite> <!-- Command line test -->
