<?xml version="1.0" encoding="UTF-8"?>
<testng-results skipped="0" failed="1" total="2" passed="1">
  <reporter-output>
  </reporter-output>
  <suite name="Default suite" duration-ms="55937" started-at="2015-03-10T08:10:56Z" finished-at="2015-03-10T08:11:52Z">
    <groups>
    </groups>
    <test name="Default test" duration-ms="55937" started-at="2015-03-10T08:10:56Z" finished-at="2015-03-10T08:11:52Z">
      <class name="com.who.rest.tests.testService.TestServiceTests">
        <test-method status="PASS" signature="springTestContextBeforeTestClass()[pri:0, instance:com.who.rest.tests.testService.TestServiceTests@25ec1bd7]" name="springTestContextBeforeTestClass" is-config="true" duration-ms="6" started-at="2015-03-10T10:10:56Z" finished-at="2015-03-10T10:10:56Z">
          <reporter-output>
          </reporter-output>
        </test-method> <!-- springTestContextBeforeTestClass -->
        <test-method status="PASS" signature="springTestContextPrepareTestInstance()[pri:0, instance:com.who.rest.tests.testService.TestServiceTests@25ec1bd7]" name="springTestContextPrepareTestInstance" is-config="true" duration-ms="14720" started-at="2015-03-10T10:10:56Z" depends-on-methods="org.springframework.test.context.testng.AbstractTestNGSpringContextTests.springTestContextBeforeTestClass" finished-at="2015-03-10T10:11:11Z">
          <reporter-output>
          </reporter-output>
        </test-method> <!-- springTestContextPrepareTestInstance -->
        <test-method status="PASS" signature="setUp()[pri:0, instance:com.who.rest.tests.testService.TestServiceTests@25ec1bd7]" name="setUp" is-config="true" duration-ms="0" started-at="2015-03-10T10:11:11Z" finished-at="2015-03-10T10:11:11Z">
          <reporter-output>
          </reporter-output>
        </test-method> <!-- setUp -->
        <test-method status="FAIL" signature="ManualTest()[pri:0, instance:com.who.rest.tests.testService.TestServiceTests@25ec1bd7]" name="ManualTest" duration-ms="40981" started-at="2015-03-10T10:11:11Z" finished-at="2015-03-10T10:11:52Z">
          <exception class="java.lang.IllegalArgumentException">
            <message>
              <![CDATA[Error:null]]>
            </message>
            <full-stacktrace>
              <![CDATA[java.lang.IllegalArgumentException: Error:null
	at com.who.rest.service.ManualUtil.getAllManualTets(ManualUtil.java:63)
	at com.who.rest.service.ManualUtil$$FastClassBySpringCGLIB$$b8414d1e.invoke(<generated>)
	at org.springframework.cglib.proxy.MethodProxy.invoke(MethodProxy.java:204)
	at org.springframework.aop.framework.CglibAopProxy$CglibMethodInvocation.invokeJoinpoint(CglibAopProxy.java:708)
	at org.springframework.aop.framework.ReflectiveMethodInvocation.proceed(ReflectiveMethodInvocation.java:157)
	at org.springframework.transaction.interceptor.TransactionInterceptor$1.proceedWithInvocation(TransactionInterceptor.java:98)
	at org.springframework.transaction.interceptor.TransactionAspectSupport.invokeWithinTransaction(TransactionAspectSupport.java:262)
	at org.springframework.transaction.interceptor.TransactionInterceptor.invoke(TransactionInterceptor.java:95)
	at org.springframework.aop.framework.ReflectiveMethodInvocation.proceed(ReflectiveMethodInvocation.java:179)
	at org.springframework.aop.framework.CglibAopProxy$DynamicAdvisedInterceptor.intercept(CglibAopProxy.java:644)
	at com.who.rest.service.ManualUtil$$EnhancerBySpringCGLIB$$bb04ed96.getAllManualTets(<generated>)
	at com.who.rest.ManualRestService.getManuals(ManualRestService.java:50)
	at com.who.rest.tests.testService.TestServiceTests.ManualTest(TestServiceTests.java:29)
	at sun.reflect.NativeMethodAccessorImpl.invoke0(Native Method)
	at sun.reflect.NativeMethodAccessorImpl.invoke(Unknown Source)
	at sun.reflect.DelegatingMethodAccessorImpl.invoke(Unknown Source)
	at java.lang.reflect.Method.invoke(Unknown Source)
	at org.testng.internal.MethodInvocationHelper.invokeMethod(MethodInvocationHelper.java:84)
	at org.testng.internal.MethodInvocationHelper$1.runTestMethod(MethodInvocationHelper.java:200)
	at org.springframework.test.context.testng.AbstractTestNGSpringContextTests.run(AbstractTestNGSpringContextTests.java:172)
	at sun.reflect.NativeMethodAccessorImpl.invoke0(Native Method)
	at sun.reflect.NativeMethodAccessorImpl.invoke(Unknown Source)
	at sun.reflect.DelegatingMethodAccessorImpl.invoke(Unknown Source)
	at java.lang.reflect.Method.invoke(Unknown Source)
	at org.testng.internal.MethodInvocationHelper.invokeHookable(MethodInvocationHelper.java:212)
	at org.testng.internal.Invoker.invokeMethod(Invoker.java:707)
	at org.testng.internal.Invoker.invokeTestMethod(Invoker.java:901)
	at org.testng.internal.Invoker.invokeTestMethods(Invoker.java:1231)
	at org.testng.internal.TestMethodWorker.invokeTestMethods(TestMethodWorker.java:127)
	at org.testng.internal.TestMethodWorker.run(TestMethodWorker.java:111)
	at org.testng.TestRunner.privateRun(TestRunner.java:767)
	at org.testng.TestRunner.run(TestRunner.java:617)
	at org.testng.SuiteRunner.runTest(SuiteRunner.java:334)
	at org.testng.SuiteRunner.runSequentially(SuiteRunner.java:329)
	at org.testng.SuiteRunner.privateRun(SuiteRunner.java:291)
	at org.testng.SuiteRunner.run(SuiteRunner.java:240)
	at org.testng.SuiteRunnerWorker.runSuite(SuiteRunnerWorker.java:52)
	at org.testng.SuiteRunnerWorker.run(SuiteRunnerWorker.java:86)
	at org.testng.TestNG.runSuitesSequentially(TestNG.java:1224)
	at org.testng.TestNG.runSuitesLocally(TestNG.java:1149)
	at org.testng.TestNG.run(TestNG.java:1057)
	at org.testng.remote.RemoteTestNG.run(RemoteTestNG.java:111)
	at org.testng.remote.RemoteTestNG.initAndRun(RemoteTestNG.java:204)
	at org.testng.remote.RemoteTestNG.main(RemoteTestNG.java:175)
]]>
            </full-stacktrace>
          </exception> <!-- java.lang.IllegalArgumentException -->
          <reporter-output>
          </reporter-output>
        </test-method> <!-- ManualTest -->
        <test-method status="PASS" signature="springTestContextBeforeTestMethod(java.lang.reflect.Method)[pri:0, instance:com.who.rest.tests.testService.TestServiceTests@25ec1bd7]" name="springTestContextBeforeTestMethod" is-config="true" duration-ms="0" started-at="2015-03-10T10:11:11Z" finished-at="2015-03-10T10:11:11Z">
          <params>
            <param index="0">
              <value>
                <![CDATA[public void com.who.rest.tests.testService.TestServiceTests.ManualTest() throws org.codehaus.jackson.JsonParseException,org.codehaus.jackson.map.JsonMappingException,java.io.IOException]]>
              </value>
            </param>
          </params>
          <reporter-output>
          </reporter-output>
        </test-method> <!-- springTestContextBeforeTestMethod -->
        <test-method status="PASS" signature="springTestContextAfterTestMethod(java.lang.reflect.Method)[pri:0, instance:com.who.rest.tests.testService.TestServiceTests@25ec1bd7]" name="springTestContextAfterTestMethod" is-config="true" duration-ms="2" started-at="2015-03-10T10:11:52Z" finished-at="2015-03-10T10:11:52Z">
          <params>
            <param index="0">
              <value>
                <![CDATA[public void com.who.rest.tests.testService.TestServiceTests.ManualTest() throws org.codehaus.jackson.JsonParseException,org.codehaus.jackson.map.JsonMappingException,java.io.IOException]]>
              </value>
            </param>
          </params>
          <reporter-output>
          </reporter-output>
        </test-method> <!-- springTestContextAfterTestMethod -->
        <test-method status="PASS" signature="springTestContextBeforeTestMethod(java.lang.reflect.Method)[pri:0, instance:com.who.rest.tests.testService.TestServiceTests@25ec1bd7]" name="springTestContextBeforeTestMethod" is-config="true" duration-ms="1" started-at="2015-03-10T10:11:52Z" finished-at="2015-03-10T10:11:52Z">
          <params>
            <param index="0">
              <value>
                <![CDATA[public void com.who.rest.tests.testService.TestServiceTests.getTestsData()]]>
              </value>
            </param>
          </params>
          <reporter-output>
          </reporter-output>
        </test-method> <!-- springTestContextBeforeTestMethod -->
        <test-method status="PASS" signature="getTestsData()[pri:0, instance:com.who.rest.tests.testService.TestServiceTests@25ec1bd7]" name="getTestsData" duration-ms="211" started-at="2015-03-10T10:11:52Z" finished-at="2015-03-10T10:11:52Z">
          <reporter-output>
          </reporter-output>
        </test-method> <!-- getTestsData -->
        <test-method status="PASS" signature="springTestContextAfterTestClass()[pri:0, instance:com.who.rest.tests.testService.TestServiceTests@25ec1bd7]" name="springTestContextAfterTestClass" is-config="true" duration-ms="0" started-at="2015-03-10T10:11:52Z" finished-at="2015-03-10T10:11:52Z">
          <reporter-output>
          </reporter-output>
        </test-method> <!-- springTestContextAfterTestClass -->
        <test-method status="PASS" signature="tearDown()[pri:0, instance:com.who.rest.tests.testService.TestServiceTests@25ec1bd7]" name="tearDown" is-config="true" duration-ms="0" started-at="2015-03-10T10:11:52Z" finished-at="2015-03-10T10:11:52Z">
          <reporter-output>
          </reporter-output>
        </test-method> <!-- tearDown -->
        <test-method status="PASS" signature="springTestContextAfterTestMethod(java.lang.reflect.Method)[pri:0, instance:com.who.rest.tests.testService.TestServiceTests@25ec1bd7]" name="springTestContextAfterTestMethod" is-config="true" duration-ms="0" started-at="2015-03-10T10:11:52Z" finished-at="2015-03-10T10:11:52Z">
          <params>
            <param index="0">
              <value>
                <![CDATA[public void com.who.rest.tests.testService.TestServiceTests.getTestsData()]]>
              </value>
            </param>
          </params>
          <reporter-output>
          </reporter-output>
        </test-method> <!-- springTestContextAfterTestMethod -->
      </class> <!-- com.who.rest.tests.testService.TestServiceTests -->
    </test> <!-- Default test -->
  </suite> <!-- Default suite -->
</testng-results>
