<?xml version="1.0" encoding="UTF-8" ?>
<testsuites>
 <testsuite name="Router" timestamp="2017-08-26T00:16:24" hostname="localhost" time="6.448" errors="0" tests="10" skipped="0" failures="1">
  <testcase classname="Router" name="has expected dashboard tabs" time="0.305">
   <failure type="toEqual" message="Expected &amp;apos;Heroes&amp;apos; to equal &amp;apos;Heroes1&amp;apos;."><![CDATA[Error: Failed expectation
    at UserContext.it (D:\git\Angular4NestedRoute\tests\e2e-spec.ts:52:39)
    at D:\git\Angular4NestedRoute\node_modules\jasminewd2\index.js:112:25
    at new ManagedPromise (D:\git\Angular4NestedRoute\node_modules\selenium-webdriver\lib\promise.js:1067:7)
    at ControlFlow.promise (D:\git\Angular4NestedRoute\node_modules\selenium-webdriver\lib\promise.js:2396:12)
    at schedulerExecute (D:\git\Angular4NestedRoute\node_modules\jasminewd2\index.js:95:18)
    at TaskQueue.execute_ (D:\git\Angular4NestedRoute\node_modules\selenium-webdriver\lib\promise.js:2970:14)
    at TaskQueue.executeNext_ (D:\git\Angular4NestedRoute\node_modules\selenium-webdriver\lib\promise.js:2953:27)
    at asyncRun (D:\git\Angular4NestedRoute\node_modules\selenium-webdriver\lib\promise.js:2860:25)
    at D:\git\Angular4NestedRoute\node_modules\selenium-webdriver\lib\promise.js:676:7]]>
   </failure>
  </testcase>
  <testcase classname="Router" name="has heroes selected as opening tab" time="0.427">
  </testcase>
  <testcase classname="Router" name="has crises center items" time="0.165">
  </testcase>
  <testcase classname="Router" name="has hero items" time="0.167">
  </testcase>
  <testcase classname="Router" name="toggles views" time="0.243">
  </testcase>
  <testcase classname="Router" name="saves changed crisis details" time="0.62">
  </testcase>
  <testcase classname="Router" name="can cancel changed crisis details" time="0.63">
  </testcase>
  <testcase classname="Router" name="saves changed hero details" time="0.625">
  </testcase>
  <testcase classname="Router" name="sees preloaded modules" time="1.437">
  </testcase>
  <testcase classname="Router" name="sees the secondary route" time="0.192">
  </testcase>
 </testsuite>
</testsuites>