<?xml version="1.0" encoding="UTF-8"?>
<!-- Generated by org.testng.reporters.JUnitXMLReporter -->
<testsuite hostname="WH5000727" name="Test" tests="6" failures="0" timestamp="13 Aug 2013 07:03:09 GMT" time="91.643" errors="0">
  <testcase name="BrowserTarget" time="16.619" classname="com.wh.auto.eurogrand.BrowserTargetTestsChrome"/>
  <testcase name="BrowserTarget" time="12.816" classname="com.wh.auto.eurogrand.BrowserTargetTestsChrome"/>
  <testcase name="BrowserTarget" time="13.002" classname="com.wh.auto.eurogrand.BrowserTargetTestsChrome"/>
  <testcase name="BrowserTarget" time="15.887" classname="com.wh.auto.eurogrand.BrowserTargetTestsFF"/>
  <testcase name="BrowserTarget" time="14.477" classname="com.wh.auto.eurogrand.BrowserTargetTestsFF"/>
  <testcase name="BrowserTarget" time="14.319" classname="com.wh.auto.eurogrand.BrowserTargetTestsFF"/>
</testsuite> <!-- Test -->
