<?xml version="1.0" encoding="UTF-8" ?>
<testsuite errors="0" failures="1" hostname="WH5000727" name="UnsubscribeTesting" tests="8" time="44.096" timestamp="2012-12-20T11:47:15">
  <properties>
[...]
</properties>
  <testcase classname="UnsubscribeTesting" name="WrongCasino" time="0.108" />
  <testcase classname="UnsubscribeTesting" name="WithoutUser" time="0.84" />
  <testcase classname="UnsubscribeTesting" name="ChannelExtraParams" time="0.885" />
  <testcase classname="UnsubscribeTesting" name="UnregisteredUser" time="0.885" />
  <testcase classname="UnsubscribeTesting" name="WithoutCasino" time="0.101" />
  <testcase classname="UnsubscribeTesting" name="ChannelEmptyFormat" time="0.1" />
  <testcase classname="UnsubscribeTesting" name="ChannelInvalidFormat" time="0.84" />
  <testcase classname="UnsubscribeTesting" name="UnsubscribeAll" time="34.033">
    <failure message="Phone can&apos;t Unsubscribe" type="junit.framework.AssertionFailedError">junit.framework.AssertionFailedError: Phone can&apos;t Unsubscribe
	at UnsubscribeTesting.UnsubscribeAll(Unknown Source)
</failure>
  </testcase>
  <system-out><![CDATA[URL in Post: http://api.dev//account/playtech8000191/web/Yaniv111/unsubscribe
Body in Post: p={"channels":"email,phone,directMail,SMS"}
Return in Post: {"casinoName":["2013(range)"]}
URL in Post: http://api.dev//account/playtech800011/web//unsubscribe
Body in Post: p={"channels":"email,phone,directMail,SMS"}
Return in Post: {"error":{"code":"UMS-105","description":"Invalid data. Missing: objectIdentity.username","severity":"ERROR"}}
URL in Post: http://api.dev//account/playtech800011/web/Yaniv111/unsubscribe
Body in Post: p={"channels":"email,phone,directMail,SSSMS,BROWSER"}
Return in Post: {"error":{"code":"UMS-105","description":"Unknown channel:SSSMS","severity":"ERROR"}}
URL in Post: http://api.dev//account/playtech800011/web/Yani/unsubscribe
Body in Post: p={"channels":"email,phone,directMail,SMS"}
Return in Post: {"error":{"code":"UMS-107","description":"Unable to read player from database: Yani-playtech800011","severity":"ERROR"}}
URL in Post: http://api.dev//account//web/Yaniv111/unsubscribe
Body in Post: p={"channels":"email,phone,directMail,SMS"}
Return in Post: {"casinoName":["2015(not_found)"]}
URL in Post: http://api.dev//account/playtech800011/web/Yaniv111/unsubscribe
Body in Post: p={"channels":""}
Return in Post: {"channels":["Channels cannot be blank."]}
URL in Post: http://api.dev//account/playtech800011/web/Yaniv111/unsubscribe
Body in Post: p={"channels":"email,phone,directMail,SSSMS"}
Return in Post: {"error":{"code":"UMS-105","description":"Unknown channel:SSSMS","severity":"ERROR"}}
Starting to check PT ADMIN output for user: Yaniv121
URL in Post: http://api.dev//account/playtech800011/web/Yaniv111/unsubscribe
Body in Post: p={"channels":"email,phone,directMail,SMS"}
Return in Post: {"setPlayerContactPreferencesResponse":{"errorCode":"0"}}
Starting to check PT ADMIN output for user: Yaniv121
]]></system-out>
  <system-err><![CDATA[]]></system-err>
</testsuite>
