<?xml version="1.0" encoding="UTF-8"?>
<!-- Generated by org.testng.reporters.JUnitXMLReporter -->
<testsuite hostname="WH5000727" name="Command line test" tests="3" failures="0" timestamp="13 Aug 2013 07:04:18 GMT" time="44.516" errors="0">
  <testcase name="BrowserTarget" time="15.85" classname="com.wh.auto.eurogrand.BrowserTargetTestsFF"/>
  <testcase name="BrowserTarget" time="14.135" classname="com.wh.auto.eurogrand.BrowserTargetTestsFF"/>
  <testcase name="BrowserTarget" time="14.257" classname="com.wh.auto.eurogrand.BrowserTargetTestsFF"/>
</testsuite> <!-- Command line test -->
