<?xml version="1.0" encoding="UTF-8"?>
<testng-results skipped="0" failed="0" total="2" passed="2">
  <reporter-output>
  </reporter-output>
  <suite name="Default suite" duration-ms="8811" started-at="2014-07-23T08:35:11Z" finished-at="2014-07-23T08:35:20Z">
    <groups>
    </groups>
    <test name="Default test" duration-ms="8811" started-at="2014-07-23T08:35:11Z" finished-at="2014-07-23T08:35:20Z">
      <class name="com.who.rest.tests.jersey.LoadTests">
        <test-method status="PASS" signature="beforeClass()[pri:0, instance:com.who.rest.tests.jersey.LoadTests@312a47fe]" name="beforeClass" is-config="true" duration-ms="363" started-at="2014-07-23T11:35:11Z" finished-at="2014-07-23T11:35:11Z">
          <reporter-output>
          </reporter-output>
        </test-method> <!-- beforeClass -->
        <test-method status="PASS" signature="loadTest()[pri:0, instance:com.who.rest.tests.jersey.LoadTests@312a47fe]" name="loadTest" duration-ms="8433" started-at="2014-07-23T11:35:11Z" description="LoadTest" data-provider="loadTest" finished-at="2014-07-23T11:35:20Z">
          <reporter-output>
          </reporter-output>
        </test-method> <!-- loadTest -->
        <test-method status="PASS" signature="loadTest()[pri:0, instance:com.who.rest.tests.jersey.LoadTests@312a47fe]" name="loadTest" duration-ms="8287" started-at="2014-07-23T11:35:11Z" description="LoadTest" data-provider="loadTest" finished-at="2014-07-23T11:35:19Z">
          <reporter-output>
          </reporter-output>
        </test-method> <!-- loadTest -->
      </class> <!-- com.who.rest.tests.jersey.LoadTests -->
    </test> <!-- Default test -->
  </suite> <!-- Default suite -->
</testng-results>
